[PREINITIALIZATION][CLIENT][INFO] Current loaders after merging: [[preinit]]
[PREINITIALIZATION][CLIENT][INFO] Loading scripts for loader with names [preinit]
[PREINITIALIZATION][CLIENT][INFO] [preinit | SIDE_CLIENT]: Skipping file {[0:crafttweaker]: myFixes.zs} as we are currently loading with a different loader
[PREINITIALIZATION][CLIENT][INFO] Completed script loading in: 4ms
[INITIALIZATION][CLIENT][INFO] CraftTweaker: Building registry
[INITIALIZATION][CLIENT][INFO] CraftTweaker: Successfully built item registry
[INITIALIZATION][CLIENT][INFO] Current loaders after merging: [[preinit], [recipeevent | crafttweaker]]
[INITIALIZATION][CLIENT][INFO] Loading scripts for loader with names [crafttweaker | recipeevent]
[INITIALIZATION][CLIENT][INFO] [crafttweaker | SIDE_CLIENT]: Loading Script: {[0:crafttweaker]: myFixes.zs}
[INITIALIZATION][CLIENT][INFO] Setting max stack size of  Oak Boat to 8
[INITIALIZATION][CLIENT][INFO] Setting max stack size of  Spruce Boat to 8
[INITIALIZATION][CLIENT][INFO] Setting max stack size of  Birch Boat to 8
[INITIALIZATION][CLIENT][INFO] Setting max stack size of  Jungle Boat to 8
[INITIALIZATION][CLIENT][INFO] Setting max stack size of  Acacia Boat to 8
[INITIALIZATION][CLIENT][INFO] Setting max stack size of  Dark Oak Boat to 8
[INITIALIZATION][CLIENT][INFO] Setting max stack size of  Book and Quill to 8
[INITIALIZATION][CLIENT][INFO] Adding White Shulker Box to ore dictionary entry shulkerBox
[INITIALIZATION][CLIENT][INFO] Adding Orange Shulker Box to ore dictionary entry shulkerBox
[INITIALIZATION][CLIENT][INFO] Adding Magenta Shulker Box to ore dictionary entry shulkerBox
[INITIALIZATION][CLIENT][INFO] Adding Light Blue Shulker Box to ore dictionary entry shulkerBox
[INITIALIZATION][CLIENT][INFO] Adding Yellow Shulker Box to ore dictionary entry shulkerBox
[INITIALIZATION][CLIENT][INFO] Adding Lime Shulker Box to ore dictionary entry shulkerBox
[INITIALIZATION][CLIENT][INFO] Adding Pink Shulker Box to ore dictionary entry shulkerBox
[INITIALIZATION][CLIENT][INFO] Adding Gray Shulker Box to ore dictionary entry shulkerBox
[INITIALIZATION][CLIENT][INFO] Adding Light Gray Shulker Box to ore dictionary entry shulkerBox
[INITIALIZATION][CLIENT][INFO] Adding Cyan Shulker Box to ore dictionary entry shulkerBox
[INITIALIZATION][CLIENT][INFO] Adding Purple Shulker Box to ore dictionary entry shulkerBox
[INITIALIZATION][CLIENT][INFO] Adding Blue Shulker Box to ore dictionary entry shulkerBox
[INITIALIZATION][CLIENT][INFO] Adding Brown Shulker Box to ore dictionary entry shulkerBox
[INITIALIZATION][CLIENT][INFO] Adding Green Shulker Box to ore dictionary entry shulkerBox
[INITIALIZATION][CLIENT][INFO] Adding Red Shulker Box to ore dictionary entry shulkerBox
[INITIALIZATION][CLIENT][INFO] Adding Black Shulker Box to ore dictionary entry shulkerBox
[INITIALIZATION][CLIENT][INFO] Setting max damage of  Forge Hammer to 249
[INITIALIZATION][CLIENT][INFO] Completed script loading in: 691ms
[POSTINITIALIZATION][CLIENT][INFO] Removing recipes for various outputs
[POSTINITIALIZATION][CLIENT][INFO] Removing recipe with name "openblocks:luggage_0"
[POSTINITIALIZATION][CLIENT][INFO] Removing all recipes matching this regex: "openblocks:sponge_[0-9]*"
[POSTINITIALIZATION][CLIENT][INFO] Removing recipe with name "openblocks:hang_glider_0"
[POSTINITIALIZATION][CLIENT][INFO] Removing recipe with name "openblocks:glider_wing_0"
[POSTINITIALIZATION][CLIENT][INFO] Removing recipe with name "openblocks:glider_wing_1"
[POSTINITIALIZATION][CLIENT][INFO] Removing recipe with name "extrautils2:bag_of_holding"
[POSTINITIALIZATION][CLIENT][INFO] Removing recipe with name "extrautils2:trowel"
[POSTINITIALIZATION][CLIENT][INFO] Removing recipe with name "extrautils2:drum_256"
[POSTINITIALIZATION][CLIENT][INFO] Removing recipe with name "extrautils2:drum_clear_256"
[POSTINITIALIZATION][CLIENT][INFO] Removing recipe with name "extrautils2:drum_65536"
[POSTINITIALIZATION][CLIENT][INFO] Removing recipe with name "extrautils2:drum_clear_65536"
[POSTINITIALIZATION][CLIENT][INFO] Removing recipe with name "extrautils2:teleporter"
[POSTINITIALIZATION][CLIENT][INFO] Removing recipe with name "extrautils2:opinium_4"
[POSTINITIALIZATION][CLIENT][INFO] Removing recipe with name "extrautils2:opinium_5"
[POSTINITIALIZATION][CLIENT][INFO] Removing recipe with name "extrautils2:opinium_6"
[POSTINITIALIZATION][CLIENT][INFO] Removing recipe with name "extrautils2:opinium_7"
[POSTINITIALIZATION][CLIENT][INFO] Removing recipe with name "extrautils2:quarry_proxy"
[POSTINITIALIZATION][CLIENT][INFO] Removing recipe with name "extrautils2:quarry_base"
[POSTINITIALIZATION][CLIENT][INFO] Removing recipe with name "extrautils2:chicken_ring"
[POSTINITIALIZATION][CLIENT][INFO] Removing recipe with name "extrautils2:squid_ring"
[POSTINITIALIZATION][CLIENT][INFO] Removing recipe with name "extrautils2:angel_ring_0"
[POSTINITIALIZATION][CLIENT][INFO] Removing recipe with name "extrautils2:angel_ring_1"
[POSTINITIALIZATION][CLIENT][INFO] Removing recipe with name "extrautils2:angel_ring_2"
[POSTINITIALIZATION][CLIENT][INFO] Removing recipe with name "extrautils2:angel_ring_3"
[POSTINITIALIZATION][CLIENT][INFO] Removing recipe with name "extrautils2:angel_ring_4"
[POSTINITIALIZATION][CLIENT][INFO] Removing recipe with name "extrautils2:angel_ring_5"
[POSTINITIALIZATION][CLIENT][INFO] Removing recipe with name "extrautils2:fire_axe"
[POSTINITIALIZATION][CLIENT][INFO] Removing recipe with name "extrautils2:compound_bow"
[POSTINITIALIZATION][CLIENT][INFO] Removing recipe with name "extrautils2:player_chest"
[POSTINITIALIZATION][CLIENT][INFO] Removing recipe with name "actuallyadditions:recipes161"
[POSTINITIALIZATION][CLIENT][INFO] Removing recipe with name "actuallyadditions:recipes5"
[POSTINITIALIZATION][CLIENT][INFO] Removing recipe with name "actuallyadditions:recipes27"
[POSTINITIALIZATION][CLIENT][INFO] Removing recipe with name "actuallyadditions:recipes4"
[POSTINITIALIZATION][CLIENT][INFO] Removing recipe with name "enderio:dark_steel_shield"
[POSTINITIALIZATION][CLIENT][INFO] Removing recipe with name "enderio:end_steel_shield"
[POSTINITIALIZATION][CLIENT][INFO] Removing recipe with name "enderio:reinforced_obsidian"
[POSTINITIALIZATION][CLIENT][INFO] Removing recipe with name "enderio:dark_steel_upgrade_t_n_t"
[POSTINITIALIZATION][CLIENT][INFO] Removing recipe with name "enderio:dark_steel_upgrade_t_n_t_2"
[POSTINITIALIZATION][CLIENT][INFO] Removing recipe with name "enderio:dark_steel_upgrade_t_n_t_3"
[POSTINITIALIZATION][CLIENT][INFO] Removing recipe with name "enderio:dark_steel_upgrade_t_n_t_4"
[POSTINITIALIZATION][CLIENT][INFO] Removing recipe with name "enderio:dark_steel_upgrade_t_n_t_5"
[POSTINITIALIZATION][CLIENT][INFO] Removing recipe with name "immersiveengineering:wooden_devices/crate"
[POSTINITIALIZATION][CLIENT][INFO] Removing recipe with name "immersiveengineering:metal_storage/silver_ingot_uncraft"
[POSTINITIALIZATION][CLIENT][INFO] Removing recipe with name "immersiveengineering:metal_storage/silver_ingot"
[POSTINITIALIZATION][CLIENT][INFO] Removing recipe with name "immersiveengineering:material/plate_steel"
[POSTINITIALIZATION][CLIENT][INFO] Removing recipe with name "chickenchunks:chunk_loader"
[POSTINITIALIZATION][CLIENT][INFO] Removing recipe with name "ic2:123"
[POSTINITIALIZATION][CLIENT][INFO] Removing recipe with name "ic2:4"
[POSTINITIALIZATION][CLIENT][INFO] Removing recipe with name "ic2:5"
[POSTINITIALIZATION][CLIENT][INFO] Removing recipe with name "ic2:336"
[POSTINITIALIZATION][CLIENT][INFO] Removing recipe with name "ic2:337"
[POSTINITIALIZATION][CLIENT][INFO] Removing recipe with name "ic2:338"
[POSTINITIALIZATION][CLIENT][INFO] Removing recipe with name "ic2:339"
[POSTINITIALIZATION][CLIENT][INFO] Removing recipe with name "ic2:340"
[POSTINITIALIZATION][CLIENT][INFO] Removing recipe with name "ic2:460"
[POSTINITIALIZATION][CLIENT][INFO] Removing recipe with name "ic2:459"
[POSTINITIALIZATION][CLIENT][INFO] Removing recipe with name "ic2:130"
[POSTINITIALIZATION][CLIENT][INFO] Removing recipe with name "extracells:storagecells/fluid/e2acasing"
[POSTINITIALIZATION][CLIENT][INFO] Removing recipe with name "extracells:storagecells/fluid/a2ecasing"
[POSTINITIALIZATION][CLIENT][INFO] Removing recipe with name "appliedenergistics2:tools/network_portable_cell"
[POSTINITIALIZATION][CLIENT][INFO] Removing recipe with name "wct:wct"
[POSTINITIALIZATION][CLIENT][INFO] Removing recipe with name "ae2wtlib:booster_card_new"
[POSTINITIALIZATION][CLIENT][INFO] Removing recipe with name "draconicevolution:draconic_core"
[POSTINITIALIZATION][CLIENT][INFO] Removing recipe with name "draconicevolution:wyvern_helm"
[POSTINITIALIZATION][CLIENT][INFO] Removing recipe with name "draconicevolution:wyvern_chest"
[POSTINITIALIZATION][CLIENT][INFO] Removing recipe with name "draconicevolution:wyvern_legs"
[POSTINITIALIZATION][CLIENT][INFO] Removing recipe with name "draconicevolution:wyvern_boots"
[POSTINITIALIZATION][CLIENT][INFO] Removing recipe with name "bigreactors:reactorcasingcores"
[POSTINITIALIZATION][CLIENT][INFO] Removing recipe with name "bigreactors:reactorcasing"
[POSTINITIALIZATION][CLIENT][INFO] Removing recipe with name "bigreactors:reactorglass_vanillaglass"
[POSTINITIALIZATION][CLIENT][INFO] Removing recipe with name "bigreactors:reactorcontrolrod"
[POSTINITIALIZATION][CLIENT][INFO] Removing recipe with name "bigreactors:reactorfuelrod_vanillaglass"
[POSTINITIALIZATION][CLIENT][INFO] Removing recipe with name "bigreactors:reactorcoolantport"
[POSTINITIALIZATION][CLIENT][INFO] Removing recipe with name "bigreactors:reactoraccessport"
[POSTINITIALIZATION][CLIENT][INFO] Removing recipe with name "bigreactors:reactorcontroller"
[POSTINITIALIZATION][CLIENT][INFO] Removing recipe with name "bigreactors:reactorpowertaprf"
[POSTINITIALIZATION][CLIENT][INFO] Removing recipe with name "bigreactors:reactorredstoneport"
[POSTINITIALIZATION][CLIENT][INFO] Removing recipe with name "bigreactors:reactorcomputerport_opencomputers"
[POSTINITIALIZATION][CLIENT][INFO] Removing recipe with name "bigreactors:turbinehousingcores"
[POSTINITIALIZATION][CLIENT][INFO] Removing recipe with name "bigreactors:turbinehousing"
[POSTINITIALIZATION][CLIENT][INFO] Removing recipe with name "bigreactors:turbineglass_vanillaglass"
[POSTINITIALIZATION][CLIENT][INFO] Removing recipe with name "bigreactors:turbinebearing"
[POSTINITIALIZATION][CLIENT][INFO] Removing recipe with name "bigreactors:turbinerotorshaft"
[POSTINITIALIZATION][CLIENT][INFO] Removing recipe with name "bigreactors:turbinerotorblade"
[POSTINITIALIZATION][CLIENT][INFO] Removing recipe with name "bigreactors:turbinecomputerport_opencomputers"
[POSTINITIALIZATION][CLIENT][INFO] Removing recipe with name "bigreactors:turbinefluidport"
[POSTINITIALIZATION][CLIENT][INFO] Removing recipe with name "bigreactors:turbinecontroller"
[POSTINITIALIZATION][CLIENT][INFO] Removing recipe with name "bigreactors:turbinepowertaprf"
[POSTINITIALIZATION][CLIENT][INFO] Removing recipe with name "hardcorequesting:quest_book"
[POSTINITIALIZATION][CLIENT][INFO] Adding shaped recipe for Rabbit Hide with name minecraft-rabbit_hide
[POSTINITIALIZATION][CLIENT][INFO] Adding shaped recipe for Feather with name minecraft-synthetic_feather
[POSTINITIALIZATION][CLIENT][INFO] Adding shaped recipe for Soul Torch with name futuremc-soul_fire_torch
[POSTINITIALIZATION][CLIENT][INFO] Adding shapeless recipe for Soul Torch with name futuremc-soul_fire_torch_shapeless
[POSTINITIALIZATION][CLIENT][INFO] Adding shaped recipe for Soul Lantern with name futuremc-soul_lantern
[POSTINITIALIZATION][CLIENT][INFO] Adding shapeless recipe for Bamboo with name futuremc-bamboo
[POSTINITIALIZATION][CLIENT][INFO] Adding shaped recipe for Soul Soil with name futuremc-soul_soil
[POSTINITIALIZATION][CLIENT][INFO] Adding shaped recipe for Honeycomb Block with name futuremc-honeycomb_block
[POSTINITIALIZATION][CLIENT][INFO] Adding shaped recipe for Honey Block with name futuremc-honey_block
[POSTINITIALIZATION][CLIENT][INFO] Adding shaped recipe for Luggage with name openblocks-luggage_0
[POSTINITIALIZATION][CLIENT][INFO] Adding shaped recipe for Sponge with name openblocks-sponge
[POSTINITIALIZATION][CLIENT][INFO] Adding shaped recipe for Hang Glider with name openblocks-hang_glider
[POSTINITIALIZATION][CLIENT][INFO] Adding shaped recipe for Glider Wing with name openblocks-glider_wing_0
[POSTINITIALIZATION][CLIENT][INFO] Adding shaped recipe for Glider Wing with name openblocks-glider_wing_1
[POSTINITIALIZATION][CLIENT][INFO] Adding shaped recipe for Bag Of Holding with name extrautils2-bag_of_holding
[POSTINITIALIZATION][CLIENT][INFO] Adding shaped recipe for Trowel with name extrautils2-trowel
[POSTINITIALIZATION][CLIENT][INFO] Adding shapeless recipe for Iron Drum with name extrautils2-drum_clear_256
[POSTINITIALIZATION][CLIENT][INFO] Adding shaped recipe for Iron Drum with name extrautils2-drum_256
[POSTINITIALIZATION][CLIENT][INFO] Adding shapeless recipe for Demonically Gargantuan Drum with name extrautils2-drum_clear_65536
[POSTINITIALIZATION][CLIENT][INFO] Adding shaped recipe for Demonically Gargantuan Drum with name extrautils2-drum_65536
[POSTINITIALIZATION][CLIENT][INFO] Adding shaped recipe for Deep Dark Portal with name extrautils2-teleporter
[POSTINITIALIZATION][CLIENT][INFO] Adding shaped recipe for Opinium Core (Good) with name extrautils2-opinium_4
[POSTINITIALIZATION][CLIENT][INFO] Adding shaped recipe for Opinium Core (Damn Good) with name extrautils2-opinium_5
[POSTINITIALIZATION][CLIENT][INFO] Adding shaped recipe for Opinium Core (Amazing) with name extrautils2-opinium_6
[POSTINITIALIZATION][CLIENT][INFO] Adding shaped recipe for Opinium Core (Inspiring) with name extrautils2-opinium_7
[POSTINITIALIZATION][CLIENT][INFO] Adding shaped recipe for Quantum Quarry Actuator with name extrautils2-quarry_proxy
[POSTINITIALIZATION][CLIENT][INFO] Adding shaped recipe for Quantum Quarry with name extrautils2-quarry_base
[POSTINITIALIZATION][CLIENT][INFO] Adding shaped recipe for Chicken Wing Ring with name extrautils2-chicken_ring
[POSTINITIALIZATION][CLIENT][INFO] Adding shaped recipe for Ring of the Flying Squid with name extrautils2-squid_ring
[POSTINITIALIZATION][CLIENT][INFO] Adding shaped recipe for Angel Ring with name extrautils2-angel_ring_0
[POSTINITIALIZATION][CLIENT][INFO] Adding shaped recipe for Angel Ring with name extrautils2-angel_ring_1
[POSTINITIALIZATION][CLIENT][INFO] Adding shaped recipe for Angel Ring with name extrautils2-angel_ring_2
[POSTINITIALIZATION][CLIENT][INFO] Adding shaped recipe for Angel Ring with name extrautils2-angel_ring_3
[POSTINITIALIZATION][CLIENT][INFO] Adding shaped recipe for Angel Ring with name extrautils2-angel_ring_4
[POSTINITIALIZATION][CLIENT][INFO] Adding shaped recipe for Angel Ring with name extrautils2-angel_ring_5
[POSTINITIALIZATION][CLIENT][INFO] Adding shaped recipe for Fire Axe with name extrautils2-fire_axe
[POSTINITIALIZATION][CLIENT][INFO] Adding shaped recipe for Compound Bow with name extrautils2-compound_bow
[POSTINITIALIZATION][CLIENT][INFO] Adding shaped recipe for Creative Builders Wand with name extrautils2-creative_builders_wand
[POSTINITIALIZATION][CLIENT][INFO] Adding shaped recipe for Creative Destruction Wand with name extrautils2-creative_destruction_wand
[POSTINITIALIZATION][CLIENT][INFO] Adding shaped recipe for Magical Wood with name extrautils2-magic_wood_2
[POSTINITIALIZATION][CLIENT][INFO] Adding shapeless recipe for Enchanted Ingot with name extrautils2-enchanted_metal_ingot
[POSTINITIALIZATION][CLIENT][INFO] Adding shapeless recipe for Block of Enchanted Metal with name extrautils2-enchanted_metal_block
[POSTINITIALIZATION][CLIENT][INFO] Adding shaped recipe for Evil Infused Iron Ingot with name extrautils2-evil_infused_metal_ingot
[POSTINITIALIZATION][CLIENT][INFO] Adding shaped recipe for Block of Evil Infused Iron with name extrautils2-evil_infused_metal_block
[POSTINITIALIZATION][CLIENT][INFO] Adding shaped recipe for Player Chest with name extrautils2-player_chest
[POSTINITIALIZATION][CLIENT][INFO] Adding shaped recipe for Small Storage Crate with name actuallyadditions-recipes161
[POSTINITIALIZATION][CLIENT][INFO] Adding shaped recipe for Traveler's Sack with name actuallyadditions-recipes5
[POSTINITIALIZATION][CLIENT][INFO] Adding shaped recipe for Drill with name actuallyadditions-recipes27
[POSTINITIALIZATION][CLIENT][INFO] Adding shaped recipe for Nether Quartz with name actuallyadditions-fakeQuartz
[POSTINITIALIZATION][CLIENT][INFO] Adding shaped recipe for Handheld Filler with name actuallyadditions-recipes4
[POSTINITIALIZATION][CLIENT][INFO] Adding shaped recipe for Dark Shield with name enderio-dark_steel_shield
[POSTINITIALIZATION][CLIENT][INFO] Adding shaped recipe for Ender Shield with name enderio-end_steel_shield
[POSTINITIALIZATION][CLIENT][INFO] Adding shaped recipe for Crystalline Pink Slime Ingot with name enderio-crystaline_slime_ingot
[POSTINITIALIZATION][CLIENT][INFO] Adding shaped recipe for Reinforced Obsidian with name enderio-reinforced_obsidian
[POSTINITIALIZATION][CLIENT][INFO] Adding shapeless recipe for Dark Steel Upgrade "Explosive I" with name enderio-dark_steel_upgrade_t_n_t
[POSTINITIALIZATION][CLIENT][INFO] Adding shapeless recipe for Dark Steel Upgrade "Explosive II" with name enderio-dark_steel_upgrade_t_n_t_2
[POSTINITIALIZATION][CLIENT][INFO] Adding shapeless recipe for Dark Steel Upgrade "Explosive III" with name enderio-dark_steel_upgrade_t_n_t_3
[POSTINITIALIZATION][CLIENT][INFO] Adding shapeless recipe for Dark Steel Upgrade "Explosive IV" with name enderio-dark_steel_upgrade_t_n_t_4
[POSTINITIALIZATION][CLIENT][INFO] Adding shapeless recipe for Dark Steel Upgrade "Explosive V" with name enderio-dark_steel_upgrade_t_n_t_5
[POSTINITIALIZATION][CLIENT][INFO] Adding shaped recipe for Wooden Storage Crate with name immersiveengineering-wooden_devices/crate
[POSTINITIALIZATION][CLIENT][INFO] Adding shapeless recipe for Silver Nugget with name immersiveengineering-silver_nugget
[POSTINITIALIZATION][CLIENT][INFO] Adding shaped recipe for Silver Ingot with name immersiveengineering-silver_ingot
[POSTINITIALIZATION][CLIENT][INFO] Adding shaped recipe for Steel Plate with name immersiveengineering-sheetmetal
[POSTINITIALIZATION][CLIENT][INFO] Adding shaped recipe for Chunk Loader with name chickenchunks-chunk_loader
[POSTINITIALIZATION][CLIENT][INFO] Adding shaped recipe for Electric Jetpack with name ic2-123
[POSTINITIALIZATION][CLIENT][INFO] Adding shaped recipe for Reinforced Glass with name ic2-4
[POSTINITIALIZATION][CLIENT][INFO] Adding shaped recipe for Reinforced Glass with name ic2-5
[POSTINITIALIZATION][CLIENT][INFO] Adding shaped recipe for Wooden Storage Box with name ic2-336
[POSTINITIALIZATION][CLIENT][INFO] Adding shaped recipe for Iron Storage Box with name ic2-337
[POSTINITIALIZATION][CLIENT][INFO] Adding shaped recipe for Bronze Storage Box with name ic2-338
[POSTINITIALIZATION][CLIENT][INFO] Adding shaped recipe for Steel Storage Box with name ic2-339
[POSTINITIALIZATION][CLIENT][INFO] Adding shaped recipe for Iridium Storage Box with name ic2-340
[POSTINITIALIZATION][CLIENT][INFO] Adding shaped recipe for Molecular Transformer with name ic2-460
[POSTINITIALIZATION][CLIENT][INFO] Adding shaped recipe for MT Core with name ic2-459
[POSTINITIALIZATION][CLIENT][INFO] Adding shaped recipe for QuantumSuit Helmet with name ic2-130
[POSTINITIALIZATION][CLIENT][INFO] Adding shaped recipe for Portable Cell with name appliedenergistics2-tools/network_portable_cell
[POSTINITIALIZATION][CLIENT][INFO] Adding shapeless recipe for Wireless Crafting Terminal with name wct-wct
[POSTINITIALIZATION][CLIENT][INFO] Adding shaped recipe for Infinity Booster Card with name ae2wtlib-booster_card_new
[POSTINITIALIZATION][CLIENT][INFO] Adding shaped recipe for Draconic Core with name draconicevolution-draconic_core
[POSTINITIALIZATION][CLIENT][INFO] Adding shaped recipe for Wyvern Helm with name draconicevolution-wyvern_helm
[POSTINITIALIZATION][CLIENT][INFO] Adding shaped recipe for Wyvern Chestplate with name draconicevolution-wyvern_chest
[POSTINITIALIZATION][CLIENT][INFO] Adding shaped recipe for Wyvern Leggings with name draconicevolution-wyvern_legs
[POSTINITIALIZATION][CLIENT][INFO] Adding shaped recipe for Wyvern Boots with name draconicevolution-wyvern_boots
[POSTINITIALIZATION][CLIENT][INFO] Adding shaped recipe for Circuit Plate with name projectred-plate
[POSTINITIALIZATION][CLIENT][INFO] Adding shaped recipe for Reactor Casing Core (Legacy) with name bigreactors-reactorcasingcores
[POSTINITIALIZATION][CLIENT][INFO] Adding shaped recipe for Reactor Casing (Legacy) with name bigreactors-reactorcasing
[POSTINITIALIZATION][CLIENT][INFO] Adding shaped recipe for Reactor Glass (Legacy) with name bigreactors-reactorglass_vanillaglass
[POSTINITIALIZATION][CLIENT][INFO] Adding shaped recipe for Reactor Control Rod (Legacy) with name bigreactors-reactorcontrolrod
[POSTINITIALIZATION][CLIENT][INFO] Adding shaped recipe for Reactor Fuel Rod (Legacy) with name bigreactors-reactorfuelrod_vanillaglass
[POSTINITIALIZATION][CLIENT][INFO] Adding shaped recipe for Reactor Coolant Port (Legacy) with name bigreactors-reactorcoolantport
[POSTINITIALIZATION][CLIENT][INFO] Adding shaped recipe for Reactor Access Port (Legacy) with name bigreactors-reactoraccessport
[POSTINITIALIZATION][CLIENT][INFO] Adding shaped recipe for Reactor Controller (Legacy) with name bigreactors-reactorcontroller
[POSTINITIALIZATION][CLIENT][INFO] Adding shaped recipe for Reactor Redstone Flux Power Tap (Legacy) with name bigreactors-reactorpowertaprf
[POSTINITIALIZATION][CLIENT][INFO] Adding shaped recipe for Reactor Redstone Port (Legacy) with name bigreactors-reactorredstoneport
[POSTINITIALIZATION][CLIENT][INFO] Adding shaped recipe for Reactor Computer Port (Legacy) with name bigreactors-reactorcomputerport_opencomputers
[POSTINITIALIZATION][CLIENT][INFO] Adding shaped recipe for Turbine Housing Core (Legacy) with name bigreactors-turbinehousingcores
[POSTINITIALIZATION][CLIENT][INFO] Adding shaped recipe for Turbine Housing (Legacy) with name bigreactors-turbinehousing
[POSTINITIALIZATION][CLIENT][INFO] Adding shaped recipe for Turbine Glass (Legacy) with name bigreactors-turbineglass_vanillaglass
[POSTINITIALIZATION][CLIENT][INFO] Adding shaped recipe for Turbine Rotor Bearing (Legacy) with name bigreactors-turbinebearing
[POSTINITIALIZATION][CLIENT][INFO] Adding shaped recipe for Turbine Rotor Shaft (Legacy) with name bigreactors-turbinerotorshaft
[POSTINITIALIZATION][CLIENT][INFO] Adding shaped recipe for Turbine Rotor Blade (Legacy) with name bigreactors-turbinerotorblade
[POSTINITIALIZATION][CLIENT][INFO] Adding shaped recipe for Turbine Computer Port (Legacy) with name bigreactors-turbinecomputerport_opencomputers
[POSTINITIALIZATION][CLIENT][INFO] Adding shaped recipe for Turbine Fluid Port (Legacy) with name bigreactors-turbinefluidport
[POSTINITIALIZATION][CLIENT][INFO] Adding shaped recipe for Turbine Controller (Legacy) with name bigreactors-turbinecontroller
[POSTINITIALIZATION][CLIENT][INFO] Adding shaped recipe for Turbine Redstone Flux Power Tap (Legacy) with name bigreactors-turbinepowertaprf
[POSTINITIALIZATION][CLIENT][INFO] Adding shaped recipe for Creative Storage Upgrade with name storagedrawers-upgrade_storage_infinite
[POSTINITIALIZATION][CLIENT][INFO] Adding shapeless recipe for EEPROM (OpenPython BIOS) with name opencomputers-openpython_eeprom
[POSTINITIALIZATION][CLIENT][INFO] Adding shapeless recipe for Quest Book with name hardcorequesting-quest_book
[POSTINITIALIZATION][CLIENT][INFO] Removing furnace recipes for: <projectred-core:resource_item>
[POSTINITIALIZATION][CLIENT][INFO] 1 recipes removed for: <projectred-core:resource_item>
[AVAILABLE][CLIENT][INFO] Hiding item in JEI: <openblocks:generic:10>
[AVAILABLE][CLIENT][INFO] Hiding item in JEI: <openblocks:generic:11>
[AVAILABLE][CLIENT][INFO] Hiding item in JEI: <extrautils2:decorativesolid:8>
[AVAILABLE][CLIENT][INFO] Hiding item in JEI: <immersiveengineering:metal:29>
[AVAILABLE][CLIENT][INFO] Hiding item in JEI: <advanced_solar_panels:double_stone_slab>
[AVAILABLE][CLIENT][INFO] Hiding item in JEI: <appliedenergistics2:material:40>
[AVAILABLE][CLIENT][INFO] Hiding item in JEI: <extracells:terminal.universal.wireless>
[AVAILABLE][CLIENT][INFO] Hiding item in JEI: <forestry:charcoal>
[AVAILABLE][CLIENT][INFO] Hiding item in JEI: <bigreactors:ingotsteel>
[AVAILABLE][CLIENT][INFO] Hiding item in JEI: <bigreactors:blocksteel>
[AVAILABLE][CLIENT][INFO] Fixed the RecipeBook
